[0.601s] DEBUG:colcon:Command line arguments: ['/usr/bin/colcon', 'build']
[0.601s] DEBUG:colcon:Parsed command line arguments: Namespace(allow_overriding=[], ament_cmake_args=None, base_paths=['.'], build_base='build', catkin_cmake_args=None, catkin_skip_building_tests=False, cmake_args=None, cmake_clean_cache=False, cmake_clean_first=False, cmake_force_configure=False, cmake_target=None, cmake_target_skip_unavailable=False, continue_on_error=False, event_handlers=None, executor='parallel', ignore_user_meta=False, install_base='install', log_base=None, log_level=None, main=<bound method BuildVerb.main of <colcon_core.verb.build.BuildVerb object at 0x7f9e011250>>, merge_install=False, metas=['./colcon.meta'], mixin=None, mixin_files=None, mixin_verb=('build',), packages_above=None, packages_above_and_dependencies=None, packages_above_depth=None, packages_end=None, packages_ignore=None, packages_ignore_regex=None, packages_select=None, packages_select_build_failed=False, packages_select_by_dep=None, packages_select_regex=None, packages_select_test_failures=False, packages_skip=None, packages_skip_build_finished=False, packages_skip_by_dep=None, packages_skip_regex=None, packages_skip_test_passed=False, packages_skip_up_to=None, packages_start=None, packages_up_to=None, packages_up_to_regex=None, parallel_workers=4, paths=None, symlink_install=False, test_result_base=None, verb_extension=<colcon_core.verb.build.BuildVerb object at 0x7f9e011250>, verb_name='build', verb_parser=<colcon_mixin.mixin.mixin_argument.MixinArgumentDecorator object at 0x7f9e0118b0>)
[0.616s] Level 1:colcon.colcon_core.package_discovery:discover_packages(colcon_meta) check parameters
[0.619s] INFO:colcon.colcon_metadata.package_discovery.colcon_meta:Using configuration from '/root/.colcon/metadata/default/Gazebo.meta'
[0.621s] INFO:colcon.colcon_metadata.package_discovery.colcon_meta:Using configuration from '/root/.colcon/metadata/default/fastrtps.meta'
[0.621s] Level 1:colcon.colcon_core.package_discovery:discover_packages(recursive) check parameters
[0.621s] Level 1:colcon.colcon_core.package_discovery:discover_packages(ignore) check parameters
[0.621s] Level 1:colcon.colcon_core.package_discovery:discover_packages(path) check parameters
[0.621s] Level 1:colcon.colcon_core.package_discovery:discover_packages(colcon_meta) discover
[0.622s] Level 1:colcon.colcon_core.package_discovery:discover_packages(recursive) discover
[0.622s] INFO:colcon.colcon_core.package_discovery:Crawling recursively for packages in '/workspaces/workspace'
[0.622s] Level 1:colcon.colcon_core.package_identification:_identify(.) by extensions ['ignore', 'ignore_ament_install']
[0.622s] Level 1:colcon.colcon_core.package_identification:_identify(.) by extension 'ignore'
[0.623s] Level 1:colcon.colcon_core.package_identification:_identify(.) by extension 'ignore_ament_install'
[0.623s] Level 1:colcon.colcon_core.package_identification:_identify(.) by extensions ['colcon_pkg']
[0.623s] Level 1:colcon.colcon_core.package_identification:_identify(.) by extension 'colcon_pkg'
[0.623s] Level 1:colcon.colcon_core.package_identification:_identify(.) by extensions ['colcon_meta']
[0.623s] Level 1:colcon.colcon_core.package_identification:_identify(.) by extension 'colcon_meta'
[0.623s] Level 1:colcon.colcon_core.package_identification:_identify(.) by extensions ['ros']
[0.624s] Level 1:colcon.colcon_core.package_identification:_identify(.) by extension 'ros'
[0.665s] Level 1:colcon.colcon_core.package_identification:_identify(.) by extensions ['cmake', 'python']
[0.666s] Level 1:colcon.colcon_core.package_identification:_identify(.) by extension 'cmake'
[0.666s] Level 1:colcon.colcon_core.package_identification:_identify(.) by extension 'python'
[0.666s] Level 1:colcon.colcon_core.package_identification:_identify(.) by extensions ['python_setup_py']
[0.666s] Level 1:colcon.colcon_core.package_identification:_identify(.) by extension 'python_setup_py'
[0.667s] Level 1:colcon.colcon_core.package_identification:_identify(build) by extensions ['ignore', 'ignore_ament_install']
[0.667s] Level 1:colcon.colcon_core.package_identification:_identify(build) by extension 'ignore'
[0.667s] Level 1:colcon.colcon_core.package_identification:_identify(build) ignored
[0.668s] Level 1:colcon.colcon_core.package_identification:_identify(install) by extensions ['ignore', 'ignore_ament_install']
[0.668s] Level 1:colcon.colcon_core.package_identification:_identify(install) by extension 'ignore'
[0.668s] Level 1:colcon.colcon_core.package_identification:_identify(install) ignored
[0.669s] Level 1:colcon.colcon_core.package_identification:_identify(log) by extensions ['ignore', 'ignore_ament_install']
[0.669s] Level 1:colcon.colcon_core.package_identification:_identify(log) by extension 'ignore'
[0.669s] Level 1:colcon.colcon_core.package_identification:_identify(log) ignored
[0.669s] Level 1:colcon.colcon_core.package_identification:_identify(src) by extensions ['ignore', 'ignore_ament_install']
[0.670s] Level 1:colcon.colcon_core.package_identification:_identify(src) by extension 'ignore'
[0.670s] Level 1:colcon.colcon_core.package_identification:_identify(src) by extension 'ignore_ament_install'
[0.670s] Level 1:colcon.colcon_core.package_identification:_identify(src) by extensions ['colcon_pkg']
[0.670s] Level 1:colcon.colcon_core.package_identification:_identify(src) by extension 'colcon_pkg'
[0.670s] Level 1:colcon.colcon_core.package_identification:_identify(src) by extensions ['colcon_meta']
[0.670s] Level 1:colcon.colcon_core.package_identification:_identify(src) by extension 'colcon_meta'
[0.670s] Level 1:colcon.colcon_core.package_identification:_identify(src) by extensions ['ros']
[0.671s] Level 1:colcon.colcon_core.package_identification:_identify(src) by extension 'ros'
[0.671s] Level 1:colcon.colcon_core.package_identification:_identify(src) by extensions ['cmake', 'python']
[0.671s] Level 1:colcon.colcon_core.package_identification:_identify(src) by extension 'cmake'
[0.671s] Level 1:colcon.colcon_core.package_identification:_identify(src) by extension 'python'
[0.671s] Level 1:colcon.colcon_core.package_identification:_identify(src) by extensions ['python_setup_py']
[0.671s] Level 1:colcon.colcon_core.package_identification:_identify(src) by extension 'python_setup_py'
[0.672s] Level 1:colcon.colcon_core.package_identification:_identify(src/build) by extensions ['ignore', 'ignore_ament_install']
[0.672s] Level 1:colcon.colcon_core.package_identification:_identify(src/build) by extension 'ignore'
[0.672s] Level 1:colcon.colcon_core.package_identification:_identify(src/build) ignored
[0.672s] Level 1:colcon.colcon_core.package_identification:_identify(src/install) by extensions ['ignore', 'ignore_ament_install']
[0.673s] Level 1:colcon.colcon_core.package_identification:_identify(src/install) by extension 'ignore'
[0.673s] Level 1:colcon.colcon_core.package_identification:_identify(src/install) ignored
[0.673s] Level 1:colcon.colcon_core.package_identification:_identify(src/log) by extensions ['ignore', 'ignore_ament_install']
[0.673s] Level 1:colcon.colcon_core.package_identification:_identify(src/log) by extension 'ignore'
[0.674s] Level 1:colcon.colcon_core.package_identification:_identify(src/log) ignored
[0.674s] Level 1:colcon.colcon_core.package_discovery:discover_packages(recursive) using defaults
[0.674s] Level 1:colcon.colcon_core.package_discovery:discover_packages(ignore) discover
[0.674s] Level 1:colcon.colcon_core.package_discovery:discover_packages(ignore) using defaults
[0.674s] Level 1:colcon.colcon_core.package_discovery:discover_packages(path) discover
[0.674s] Level 1:colcon.colcon_core.package_discovery:discover_packages(path) using defaults
[0.741s] WARNING:colcon.colcon_ros.prefix_path.ament:The path '/workspaces/workspace/install/TR' in the environment variable AMENT_PREFIX_PATH doesn't exist
[0.742s] WARNING:colcon.colcon_ros.prefix_path.catkin:The path '/workspaces/workspace/install/TR' in the environment variable CMAKE_PREFIX_PATH doesn't exist
[0.754s] INFO:colcon.colcon_core.executor:Executing jobs using 'parallel' executor
[0.763s] DEBUG:colcon.colcon_parallel_executor.executor.parallel:run_until_complete
[0.764s] DEBUG:colcon.colcon_parallel_executor.executor.parallel:closing loop
[0.765s] DEBUG:colcon.colcon_parallel_executor.executor.parallel:loop closed
[0.765s] DEBUG:colcon.colcon_parallel_executor.executor.parallel:run_until_complete finished with '0'
[0.766s] DEBUG:colcon.colcon_core.event_reactor:joining thread
[0.788s] INFO:colcon.colcon_core.plugin_system:Skipping extension 'colcon_notification.desktop_notification.notify_send': Could not find 'notify-send'
[0.789s] INFO:colcon.colcon_core.plugin_system:Skipping extension 'colcon_notification.desktop_notification.terminal_notifier': Not used on non-Darwin systems
[0.789s] INFO:colcon.colcon_core.plugin_system:Skipping extension 'colcon_notification.desktop_notification.win32': Not used on non-Windows systems
[0.790s] INFO:colcon.colcon_notification.desktop_notification:Sending desktop notification using 'notify2'
[0.790s] DEBUG:colcon.colcon_notification.desktop_notification.notify2:Failed to initialize notify2: org.freedesktop.DBus.Error.NotSupported: Unable to autolaunch a dbus-daemon without a $DISPLAY for X11
[0.790s] DEBUG:colcon.colcon_core.event_reactor:joined thread
[0.806s] INFO:colcon.colcon_core.plugin_system:Skipping extension 'colcon_core.shell.bat': Not used on non-Windows systems
[0.808s] INFO:colcon.colcon_core.shell:Creating prefix script '/workspaces/workspace/install/local_setup.ps1'
[0.811s] INFO:colcon.colcon_core.shell:Creating prefix util module '/workspaces/workspace/install/_local_setup_util_ps1.py'
[0.818s] INFO:colcon.colcon_core.shell:Creating prefix chain script '/workspaces/workspace/install/setup.ps1'
[0.822s] INFO:colcon.colcon_core.shell:Creating prefix script '/workspaces/workspace/install/local_setup.sh'
[0.825s] INFO:colcon.colcon_core.shell:Creating prefix util module '/workspaces/workspace/install/_local_setup_util_sh.py'
[0.828s] INFO:colcon.colcon_core.shell:Creating prefix chain script '/workspaces/workspace/install/setup.sh'
[0.833s] INFO:colcon.colcon_core.shell:Creating prefix script '/workspaces/workspace/install/local_setup.bash'
[0.836s] INFO:colcon.colcon_core.shell:Creating prefix chain script '/workspaces/workspace/install/setup.bash'
[0.840s] INFO:colcon.colcon_core.shell:Creating prefix script '/workspaces/workspace/install/local_setup.zsh'
[0.842s] INFO:colcon.colcon_core.shell:Creating prefix chain script '/workspaces/workspace/install/setup.zsh'
