-- The C compiler identification is GNU 7.5.0
-- The CXX compiler identification is GNU 7.5.0
-- Detecting C compiler ABI info
-- Detecting C compiler ABI info - done
-- Check for working C compiler: /usr/bin/cc - skipped
-- Detecting C compile features
-- Detecting C compile features - done
-- Detecting CXX compiler ABI info
-- Detecting CXX compiler ABI info - done
-- Check for working CXX compiler: /usr/bin/c++ - skipped
-- Detecting CXX compile features
-- Detecting CXX compile features - done
-- Found ament_cmake: 0.9.9 (/opt/ros/foxy/install/share/ament_cmake/cmake)
-- Found PythonInterp: /usr/bin/python3 (found suitable version "3.6.9", minimum required is "3") 
-- Using PYTHON_EXECUTABLE: /usr/bin/python3
-- Found rclcpp: 2.4.1 (/opt/ros/foxy/install/share/rclcpp/cmake)
-- Using all available rosidl_typesupport_c: rosidl_typesupport_fastrtps_c;rosidl_typesupport_introspection_c
-- Found rosidl_adapter: 1.2.1 (/opt/ros/foxy/install/share/rosidl_adapter/cmake)
-- Found OpenSSL: /usr/lib/aarch64-linux-gnu/libcrypto.so (found version "1.1.1")  
-- Using all available rosidl_typesupport_cpp: rosidl_typesupport_fastrtps_cpp;rosidl_typesupport_introspection_cpp
-- Found rmw_implementation_cmake: 1.0.3 (/opt/ros/foxy/install/share/rmw_implementation_cmake/cmake)
-- Using RMW implementation 'rmw_cyclonedds_cpp' as default
-- Configuring done
-- Generating done
-- Build files have been written to: /workspaces/workspace/build/cpp_pubsub
[ 50%] [32mBuilding CXX object CMakeFiles/talker.dir/src/publisher_member_function.cpp.o[0m
[ 50%] [32mBuilding CXX object CMakeFiles/listener.dir/src/subscriber_member_function.cpp.o[0m
[ 75%] [32m[1mLinking CXX executable talker[0m
[ 75%] Built target talker
[100%] [32m[1mLinking CXX executable listener[0m
[100%] Built target listener
-- Install configuration: ""
-- Installing: /workspaces/workspace/install/cpp_pubsub/lib/cpp_pubsub/talker
-- Set runtime path of "/workspaces/workspace/install/cpp_pubsub/lib/cpp_pubsub/talker" to ""
-- Installing: /workspaces/workspace/install/cpp_pubsub/lib/cpp_pubsub/listener
-- Set runtime path of "/workspaces/workspace/install/cpp_pubsub/lib/cpp_pubsub/listener" to ""
-- Up-to-date: /workspaces/workspace/install/cpp_pubsub/share/ament_index/resource_index/package_run_dependencies/cpp_pubsub
-- Installing: /workspaces/workspace/install/cpp_pubsub/share/ament_index/resource_index/parent_prefix_path/cpp_pubsub
-- Installing: /workspaces/workspace/install/cpp_pubsub/share/cpp_pubsub/environment/ament_prefix_path.sh
-- Installing: /workspaces/workspace/install/cpp_pubsub/share/cpp_pubsub/environment/ament_prefix_path.dsv
-- Installing: /workspaces/workspace/install/cpp_pubsub/share/cpp_pubsub/environment/path.sh
-- Installing: /workspaces/workspace/install/cpp_pubsub/share/cpp_pubsub/environment/path.dsv
-- Up-to-date: /workspaces/workspace/install/cpp_pubsub/share/cpp_pubsub/local_setup.bash
-- Up-to-date: /workspaces/workspace/install/cpp_pubsub/share/cpp_pubsub/local_setup.sh
-- Up-to-date: /workspaces/workspace/install/cpp_pubsub/share/cpp_pubsub/local_setup.zsh
-- Installing: /workspaces/workspace/install/cpp_pubsub/share/cpp_pubsub/local_setup.dsv
-- Installing: /workspaces/workspace/install/cpp_pubsub/share/cpp_pubsub/package.dsv
-- Up-to-date: /workspaces/workspace/install/cpp_pubsub/share/ament_index/resource_index/packages/cpp_pubsub
-- Up-to-date: /workspaces/workspace/install/cpp_pubsub/share/cpp_pubsub/cmake/cpp_pubsubConfig.cmake
-- Up-to-date: /workspaces/workspace/install/cpp_pubsub/share/cpp_pubsub/cmake/cpp_pubsubConfig-version.cmake
-- Up-to-date: /workspaces/workspace/install/cpp_pubsub/share/cpp_pubsub/package.xml
