[0.600s] DEBUG:colcon:Command line arguments: ['/usr/bin/colcon', 'build', '--packages-select', 'cpp_pubsub']
[0.600s] DEBUG:colcon:Parsed command line arguments: Namespace(allow_overriding=[], ament_cmake_args=None, base_paths=['.'], build_base='build', catkin_cmake_args=None, catkin_skip_building_tests=False, cmake_args=None, cmake_clean_cache=False, cmake_clean_first=False, cmake_force_configure=False, cmake_target=None, cmake_target_skip_unavailable=False, continue_on_error=False, event_handlers=None, executor='parallel', ignore_user_meta=False, install_base='install', log_base=None, log_level=None, main=<bound method BuildVerb.main of <colcon_core.verb.build.BuildVerb object at 0x7f96c4a490>>, merge_install=False, metas=['./colcon.meta'], mixin=None, mixin_files=None, mixin_verb=('build',), packages_above=None, packages_above_and_dependencies=None, packages_above_depth=None, packages_end=None, packages_ignore=None, packages_ignore_regex=None, packages_select=['cpp_pubsub'], packages_select_build_failed=False, packages_select_by_dep=None, packages_select_regex=None, packages_select_test_failures=False, packages_skip=None, packages_skip_build_finished=False, packages_skip_by_dep=None, packages_skip_regex=None, packages_skip_test_passed=False, packages_skip_up_to=None, packages_start=None, packages_up_to=None, packages_up_to_regex=None, parallel_workers=4, paths=None, symlink_install=False, test_result_base=None, verb_extension=<colcon_core.verb.build.BuildVerb object at 0x7f96c4a490>, verb_name='build', verb_parser=<colcon_mixin.mixin.mixin_argument.MixinArgumentDecorator object at 0x7f96c4aaf0>)
[0.617s] Level 1:colcon.colcon_core.package_discovery:discover_packages(colcon_meta) check parameters
[0.619s] INFO:colcon.colcon_metadata.package_discovery.colcon_meta:Using configuration from '/root/.colcon/metadata/default/Gazebo.meta'
[0.621s] INFO:colcon.colcon_metadata.package_discovery.colcon_meta:Using configuration from '/root/.colcon/metadata/default/fastrtps.meta'
[0.621s] Level 1:colcon.colcon_core.package_discovery:discover_packages(recursive) check parameters
[0.622s] Level 1:colcon.colcon_core.package_discovery:discover_packages(ignore) check parameters
[0.622s] Level 1:colcon.colcon_core.package_discovery:discover_packages(path) check parameters
[0.622s] Level 1:colcon.colcon_core.package_discovery:discover_packages(colcon_meta) discover
[0.622s] Level 1:colcon.colcon_core.package_discovery:discover_packages(recursive) discover
[0.622s] INFO:colcon.colcon_core.package_discovery:Crawling recursively for packages in '/workspaces/workspace'
[0.623s] Level 1:colcon.colcon_core.package_identification:_identify(.) by extensions ['ignore', 'ignore_ament_install']
[0.623s] Level 1:colcon.colcon_core.package_identification:_identify(.) by extension 'ignore'
[0.623s] Level 1:colcon.colcon_core.package_identification:_identify(.) by extension 'ignore_ament_install'
[0.624s] Level 1:colcon.colcon_core.package_identification:_identify(.) by extensions ['colcon_pkg']
[0.624s] Level 1:colcon.colcon_core.package_identification:_identify(.) by extension 'colcon_pkg'
[0.624s] Level 1:colcon.colcon_core.package_identification:_identify(.) by extensions ['colcon_meta']
[0.624s] Level 1:colcon.colcon_core.package_identification:_identify(.) by extension 'colcon_meta'
[0.624s] Level 1:colcon.colcon_core.package_identification:_identify(.) by extensions ['ros']
[0.624s] Level 1:colcon.colcon_core.package_identification:_identify(.) by extension 'ros'
[0.669s] Level 1:colcon.colcon_core.package_identification:_identify(.) by extensions ['cmake', 'python']
[0.669s] Level 1:colcon.colcon_core.package_identification:_identify(.) by extension 'cmake'
[0.669s] Level 1:colcon.colcon_core.package_identification:_identify(.) by extension 'python'
[0.669s] Level 1:colcon.colcon_core.package_identification:_identify(.) by extensions ['python_setup_py']
[0.670s] Level 1:colcon.colcon_core.package_identification:_identify(.) by extension 'python_setup_py'
[0.670s] Level 1:colcon.colcon_core.package_identification:_identify(build) by extensions ['ignore', 'ignore_ament_install']
[0.670s] Level 1:colcon.colcon_core.package_identification:_identify(build) by extension 'ignore'
[0.670s] Level 1:colcon.colcon_core.package_identification:_identify(build) ignored
[0.671s] Level 1:colcon.colcon_core.package_identification:_identify(cpp_pubsub) by extensions ['ignore', 'ignore_ament_install']
[0.671s] Level 1:colcon.colcon_core.package_identification:_identify(cpp_pubsub) by extension 'ignore'
[0.671s] Level 1:colcon.colcon_core.package_identification:_identify(cpp_pubsub) by extension 'ignore_ament_install'
[0.672s] Level 1:colcon.colcon_core.package_identification:_identify(cpp_pubsub) by extensions ['colcon_pkg']
[0.672s] Level 1:colcon.colcon_core.package_identification:_identify(cpp_pubsub) by extension 'colcon_pkg'
[0.672s] Level 1:colcon.colcon_core.package_identification:_identify(cpp_pubsub) by extensions ['colcon_meta']
[0.672s] Level 1:colcon.colcon_core.package_identification:_identify(cpp_pubsub) by extension 'colcon_meta'
[0.672s] Level 1:colcon.colcon_core.package_identification:_identify(cpp_pubsub) by extensions ['ros']
[0.672s] Level 1:colcon.colcon_core.package_identification:_identify(cpp_pubsub) by extension 'ros'
[0.681s] DEBUG:colcon.colcon_core.package_identification:Package 'cpp_pubsub' with type 'ros.ament_cmake' and name 'cpp_pubsub'
[0.682s] Level 1:colcon.colcon_core.package_identification:_identify(install) by extensions ['ignore', 'ignore_ament_install']
[0.682s] Level 1:colcon.colcon_core.package_identification:_identify(install) by extension 'ignore'
[0.682s] Level 1:colcon.colcon_core.package_identification:_identify(install) ignored
[0.683s] Level 1:colcon.colcon_core.package_identification:_identify(log) by extensions ['ignore', 'ignore_ament_install']
[0.683s] Level 1:colcon.colcon_core.package_identification:_identify(log) by extension 'ignore'
[0.683s] Level 1:colcon.colcon_core.package_identification:_identify(log) ignored
[0.684s] Level 1:colcon.colcon_core.package_identification:_identify(src) by extensions ['ignore', 'ignore_ament_install']
[0.684s] Level 1:colcon.colcon_core.package_identification:_identify(src) by extension 'ignore'
[0.684s] Level 1:colcon.colcon_core.package_identification:_identify(src) by extension 'ignore_ament_install'
[0.684s] Level 1:colcon.colcon_core.package_identification:_identify(src) by extensions ['colcon_pkg']
[0.684s] Level 1:colcon.colcon_core.package_identification:_identify(src) by extension 'colcon_pkg'
[0.685s] Level 1:colcon.colcon_core.package_identification:_identify(src) by extensions ['colcon_meta']
[0.685s] Level 1:colcon.colcon_core.package_identification:_identify(src) by extension 'colcon_meta'
[0.685s] Level 1:colcon.colcon_core.package_identification:_identify(src) by extensions ['ros']
[0.685s] Level 1:colcon.colcon_core.package_identification:_identify(src) by extension 'ros'
[0.685s] Level 1:colcon.colcon_core.package_identification:_identify(src) by extensions ['cmake', 'python']
[0.685s] Level 1:colcon.colcon_core.package_identification:_identify(src) by extension 'cmake'
[0.686s] Level 1:colcon.colcon_core.package_identification:_identify(src) by extension 'python'
[0.686s] Level 1:colcon.colcon_core.package_identification:_identify(src) by extensions ['python_setup_py']
[0.686s] Level 1:colcon.colcon_core.package_identification:_identify(src) by extension 'python_setup_py'
[0.686s] Level 1:colcon.colcon_core.package_identification:_identify(src/build) by extensions ['ignore', 'ignore_ament_install']
[0.686s] Level 1:colcon.colcon_core.package_identification:_identify(src/build) by extension 'ignore'
[0.687s] Level 1:colcon.colcon_core.package_identification:_identify(src/build) ignored
[0.687s] Level 1:colcon.colcon_core.package_identification:_identify(src/install) by extensions ['ignore', 'ignore_ament_install']
[0.687s] Level 1:colcon.colcon_core.package_identification:_identify(src/install) by extension 'ignore'
[0.687s] Level 1:colcon.colcon_core.package_identification:_identify(src/install) ignored
[0.688s] Level 1:colcon.colcon_core.package_identification:_identify(src/log) by extensions ['ignore', 'ignore_ament_install']
[0.688s] Level 1:colcon.colcon_core.package_identification:_identify(src/log) by extension 'ignore'
[0.688s] Level 1:colcon.colcon_core.package_identification:_identify(src/log) ignored
[0.688s] Level 1:colcon.colcon_core.package_discovery:discover_packages(recursive) using defaults
[0.688s] Level 1:colcon.colcon_core.package_discovery:discover_packages(ignore) discover
[0.689s] Level 1:colcon.colcon_core.package_discovery:discover_packages(ignore) using defaults
[0.689s] Level 1:colcon.colcon_core.package_discovery:discover_packages(path) discover
[0.689s] Level 1:colcon.colcon_core.package_discovery:discover_packages(path) using defaults
[0.758s] Level 5:colcon.colcon_core.verb:set package 'cpp_pubsub' build argument 'cmake_args' from command line to 'None'
[0.759s] Level 5:colcon.colcon_core.verb:set package 'cpp_pubsub' build argument 'cmake_target' from command line to 'None'
[0.759s] Level 5:colcon.colcon_core.verb:set package 'cpp_pubsub' build argument 'cmake_target_skip_unavailable' from command line to 'False'
[0.759s] Level 5:colcon.colcon_core.verb:set package 'cpp_pubsub' build argument 'cmake_clean_cache' from command line to 'False'
[0.759s] Level 5:colcon.colcon_core.verb:set package 'cpp_pubsub' build argument 'cmake_clean_first' from command line to 'False'
[0.759s] Level 5:colcon.colcon_core.verb:set package 'cpp_pubsub' build argument 'cmake_force_configure' from command line to 'False'
[0.759s] Level 5:colcon.colcon_core.verb:set package 'cpp_pubsub' build argument 'ament_cmake_args' from command line to 'None'
[0.759s] Level 5:colcon.colcon_core.verb:set package 'cpp_pubsub' build argument 'catkin_cmake_args' from command line to 'None'
[0.759s] Level 5:colcon.colcon_core.verb:set package 'cpp_pubsub' build argument 'catkin_skip_building_tests' from command line to 'False'
[0.760s] DEBUG:colcon.colcon_core.verb:Building package 'cpp_pubsub' with the following arguments: {'ament_cmake_args': None, 'build_base': '/workspaces/workspace/build/cpp_pubsub', 'catkin_cmake_args': None, 'catkin_skip_building_tests': False, 'cmake_args': None, 'cmake_clean_cache': False, 'cmake_clean_first': False, 'cmake_force_configure': False, 'cmake_target': None, 'cmake_target_skip_unavailable': False, 'install_base': '/workspaces/workspace/install/cpp_pubsub', 'merge_install': False, 'path': '/workspaces/workspace/cpp_pubsub', 'symlink_install': False, 'test_result_base': None}
[0.763s] WARNING:colcon.colcon_ros.prefix_path.ament:The path '/workspaces/workspace/install/TR' in the environment variable AMENT_PREFIX_PATH doesn't exist
[0.764s] WARNING:colcon.colcon_ros.prefix_path.catkin:The path '/workspaces/workspace/install/TR' in the environment variable CMAKE_PREFIX_PATH doesn't exist
[0.775s] INFO:colcon.colcon_core.executor:Executing jobs using 'parallel' executor
[0.786s] DEBUG:colcon.colcon_parallel_executor.executor.parallel:run_until_complete
[0.788s] INFO:colcon.colcon_ros.task.ament_cmake.build:Building ROS package in '/workspaces/workspace/cpp_pubsub' with build type 'ament_cmake'
[0.789s] INFO:colcon.colcon_cmake.task.cmake.build:Building CMake package in '/workspaces/workspace/cpp_pubsub'
[0.806s] INFO:colcon.colcon_core.plugin_system:Skipping extension 'colcon_core.shell.bat': Not used on non-Windows systems
[0.808s] INFO:colcon.colcon_core.shell:Skip shell extension 'powershell' for command environment: Not usable outside of PowerShell
[0.808s] DEBUG:colcon.colcon_core.shell:Skip shell extension 'dsv' for command environment
[0.846s] DEBUG:colcon.colcon_core.event_handler.log_command:Invoking command in '/workspaces/workspace/build/cpp_pubsub': CMAKE_PREFIX_PATH=${CMAKE_PREFIX_PATH}:/opt/ros/foxy /usr/bin/cmake /workspaces/workspace/cpp_pubsub -DCMAKE_INSTALL_PREFIX=/workspaces/workspace/install/cpp_pubsub
[6.401s] DEBUG:colcon.colcon_core.event_handler.log_command:Invoked command in '/workspaces/workspace/build/cpp_pubsub' returned '0': CMAKE_PREFIX_PATH=${CMAKE_PREFIX_PATH}:/opt/ros/foxy /usr/bin/cmake /workspaces/workspace/cpp_pubsub -DCMAKE_INSTALL_PREFIX=/workspaces/workspace/install/cpp_pubsub
[6.411s] DEBUG:colcon.colcon_core.event_handler.log_command:Invoking command in '/workspaces/workspace/build/cpp_pubsub': CMAKE_PREFIX_PATH=${CMAKE_PREFIX_PATH}:/opt/ros/foxy /usr/bin/cmake --build /workspaces/workspace/build/cpp_pubsub -- -j4 -l4
[19.685s] DEBUG:colcon.colcon_core.event_handler.log_command:Invoked command in '/workspaces/workspace/build/cpp_pubsub' returned '0': CMAKE_PREFIX_PATH=${CMAKE_PREFIX_PATH}:/opt/ros/foxy /usr/bin/cmake --build /workspaces/workspace/build/cpp_pubsub -- -j4 -l4
[19.798s] DEBUG:colcon.colcon_core.event_handler.log_command:Invoking command in '/workspaces/workspace/build/cpp_pubsub': CMAKE_PREFIX_PATH=${CMAKE_PREFIX_PATH}:/opt/ros/foxy /usr/bin/cmake --install /workspaces/workspace/build/cpp_pubsub
[19.848s] Level 1:colcon.colcon_core.environment:create_environment_scripts_only(cpp_pubsub)
[19.855s] DEBUG:colcon.colcon_core.event_handler.log_command:Invoked command in '/workspaces/workspace/build/cpp_pubsub' returned '0': CMAKE_PREFIX_PATH=${CMAKE_PREFIX_PATH}:/opt/ros/foxy /usr/bin/cmake --install /workspaces/workspace/build/cpp_pubsub
[19.865s] Level 1:colcon.colcon_core.environment:checking '/workspaces/workspace/install/cpp_pubsub' for CMake module files
[19.868s] Level 1:colcon.colcon_core.environment:checking '/workspaces/workspace/install/cpp_pubsub' for CMake config files
[19.869s] Level 1:colcon.colcon_core.shell:create_environment_hook('cpp_pubsub', 'cmake_prefix_path')
[19.870s] INFO:colcon.colcon_core.shell:Creating environment hook '/workspaces/workspace/install/cpp_pubsub/share/cpp_pubsub/hook/cmake_prefix_path.ps1'
[19.872s] INFO:colcon.colcon_core.shell:Creating environment descriptor '/workspaces/workspace/install/cpp_pubsub/share/cpp_pubsub/hook/cmake_prefix_path.dsv'
[19.874s] INFO:colcon.colcon_core.shell:Creating environment hook '/workspaces/workspace/install/cpp_pubsub/share/cpp_pubsub/hook/cmake_prefix_path.sh'
[19.877s] Level 1:colcon.colcon_core.environment:checking '/workspaces/workspace/install/cpp_pubsub/lib'
[19.877s] Level 1:colcon.colcon_core.environment:checking '/workspaces/workspace/install/cpp_pubsub/bin'
[19.877s] Level 1:colcon.colcon_core.environment:checking '/workspaces/workspace/install/cpp_pubsub/lib/pkgconfig/cpp_pubsub.pc'
[19.878s] Level 1:colcon.colcon_core.environment:checking '/workspaces/workspace/install/cpp_pubsub/lib/python3.8/site-packages'
[19.880s] INFO:colcon.colcon_core.shell:Creating package script '/workspaces/workspace/install/cpp_pubsub/share/cpp_pubsub/package.ps1'
[19.882s] INFO:colcon.colcon_core.shell:Creating package descriptor '/workspaces/workspace/install/cpp_pubsub/share/cpp_pubsub/package.dsv'
[19.884s] INFO:colcon.colcon_core.shell:Creating package script '/workspaces/workspace/install/cpp_pubsub/share/cpp_pubsub/package.sh'
[19.887s] INFO:colcon.colcon_core.shell:Creating package script '/workspaces/workspace/install/cpp_pubsub/share/cpp_pubsub/package.bash'
[19.889s] INFO:colcon.colcon_core.shell:Creating package script '/workspaces/workspace/install/cpp_pubsub/share/cpp_pubsub/package.zsh'
[19.891s] Level 1:colcon.colcon_core.environment:create_file_with_runtime_dependencies(/workspaces/workspace/install/cpp_pubsub/share/colcon-core/packages/cpp_pubsub)
[19.964s] Level 1:colcon.colcon_core.environment:create_environment_scripts_only(cpp_pubsub)
[19.968s] Level 1:colcon.colcon_core.environment:checking '/workspaces/workspace/install/cpp_pubsub' for CMake module files
[19.970s] Level 1:colcon.colcon_core.environment:checking '/workspaces/workspace/install/cpp_pubsub' for CMake config files
[19.971s] Level 1:colcon.colcon_core.shell:create_environment_hook('cpp_pubsub', 'cmake_prefix_path')
[19.973s] INFO:colcon.colcon_core.shell:Creating environment hook '/workspaces/workspace/install/cpp_pubsub/share/cpp_pubsub/hook/cmake_prefix_path.ps1'
[19.974s] INFO:colcon.colcon_core.shell:Creating environment descriptor '/workspaces/workspace/install/cpp_pubsub/share/cpp_pubsub/hook/cmake_prefix_path.dsv'
[19.976s] INFO:colcon.colcon_core.shell:Creating environment hook '/workspaces/workspace/install/cpp_pubsub/share/cpp_pubsub/hook/cmake_prefix_path.sh'
[19.977s] Level 1:colcon.colcon_core.environment:checking '/workspaces/workspace/install/cpp_pubsub/lib'
[19.978s] Level 1:colcon.colcon_core.environment:checking '/workspaces/workspace/install/cpp_pubsub/bin'
[19.978s] Level 1:colcon.colcon_core.environment:checking '/workspaces/workspace/install/cpp_pubsub/lib/pkgconfig/cpp_pubsub.pc'
[19.978s] Level 1:colcon.colcon_core.environment:checking '/workspaces/workspace/install/cpp_pubsub/lib/python3.8/site-packages'
[19.980s] INFO:colcon.colcon_core.shell:Creating package script '/workspaces/workspace/install/cpp_pubsub/share/cpp_pubsub/package.ps1'
[19.982s] INFO:colcon.colcon_core.shell:Creating package descriptor '/workspaces/workspace/install/cpp_pubsub/share/cpp_pubsub/package.dsv'
[19.983s] INFO:colcon.colcon_core.shell:Creating package script '/workspaces/workspace/install/cpp_pubsub/share/cpp_pubsub/package.sh'
[19.985s] INFO:colcon.colcon_core.shell:Creating package script '/workspaces/workspace/install/cpp_pubsub/share/cpp_pubsub/package.bash'
[19.986s] INFO:colcon.colcon_core.shell:Creating package script '/workspaces/workspace/install/cpp_pubsub/share/cpp_pubsub/package.zsh'
[19.987s] Level 1:colcon.colcon_core.environment:create_file_with_runtime_dependencies(/workspaces/workspace/install/cpp_pubsub/share/colcon-core/packages/cpp_pubsub)
[19.988s] DEBUG:colcon.colcon_parallel_executor.executor.parallel:closing loop
[19.989s] DEBUG:colcon.colcon_parallel_executor.executor.parallel:loop closed
[19.989s] DEBUG:colcon.colcon_parallel_executor.executor.parallel:run_until_complete finished with '0'
[19.990s] DEBUG:colcon.colcon_core.event_reactor:joining thread
[20.015s] INFO:colcon.colcon_core.plugin_system:Skipping extension 'colcon_notification.desktop_notification.notify_send': Could not find 'notify-send'
[20.016s] INFO:colcon.colcon_core.plugin_system:Skipping extension 'colcon_notification.desktop_notification.terminal_notifier': Not used on non-Darwin systems
[20.016s] INFO:colcon.colcon_core.plugin_system:Skipping extension 'colcon_notification.desktop_notification.win32': Not used on non-Windows systems
[20.017s] INFO:colcon.colcon_notification.desktop_notification:Sending desktop notification using 'notify2'
[20.017s] DEBUG:colcon.colcon_notification.desktop_notification.notify2:Failed to initialize notify2: org.freedesktop.DBus.Error.NotSupported: Unable to autolaunch a dbus-daemon without a $DISPLAY for X11
[20.018s] DEBUG:colcon.colcon_core.event_reactor:joined thread
[20.020s] INFO:colcon.colcon_core.shell:Creating prefix script '/workspaces/workspace/install/local_setup.ps1'
[20.024s] INFO:colcon.colcon_core.shell:Creating prefix util module '/workspaces/workspace/install/_local_setup_util_ps1.py'
[20.031s] INFO:colcon.colcon_core.shell:Creating prefix chain script '/workspaces/workspace/install/setup.ps1'
[20.036s] INFO:colcon.colcon_core.shell:Creating prefix script '/workspaces/workspace/install/local_setup.sh'
[20.038s] INFO:colcon.colcon_core.shell:Creating prefix util module '/workspaces/workspace/install/_local_setup_util_sh.py'
[20.041s] INFO:colcon.colcon_core.shell:Creating prefix chain script '/workspaces/workspace/install/setup.sh'
[20.046s] INFO:colcon.colcon_core.shell:Creating prefix script '/workspaces/workspace/install/local_setup.bash'
[20.048s] INFO:colcon.colcon_core.shell:Creating prefix chain script '/workspaces/workspace/install/setup.bash'
[20.054s] INFO:colcon.colcon_core.shell:Creating prefix script '/workspaces/workspace/install/local_setup.zsh'
[20.057s] INFO:colcon.colcon_core.shell:Creating prefix chain script '/workspaces/workspace/install/setup.zsh'
