[0.059s] Invoking command in '/workspaces/workspace/build/TR': CMAKE_PREFIX_PATH=/opt/ros/foxy /usr/bin/cmake /workspaces/workspace/TR -DCMAKE_INSTALL_PREFIX=/workspaces/workspace/install/TR
[0.520s] -- The C compiler identification is GNU 9.3.0
[0.811s] -- The CXX compiler identification is GNU 9.3.0
[0.837s] -- Check for working C compiler: /usr/bin/cc
[1.067s] -- Check for working C compiler: /usr/bin/cc -- works
[1.072s] -- Detecting C compiler ABI info
[1.294s] -- Detecting C compiler ABI info - done
[1.333s] -- Detecting C compile features
[1.334s] -- Detecting C compile features - done
[1.346s] -- Check for working CXX compiler: /usr/bin/c++
[1.598s] -- Check for working CXX compiler: /usr/bin/c++ -- works
[1.601s] -- Detecting CXX compiler ABI info
[1.859s] -- Detecting CXX compiler ABI info - done
[1.895s] -- Detecting CXX compile features
[1.896s] -- Detecting CXX compile features - done
[1.913s] -- Found ament_cmake: 0.9.9 (/opt/ros/foxy/share/ament_cmake/cmake)
[2.018s] -- Found PythonInterp: /usr/bin/python3 (found suitable version "3.8.10", minimum required is "3") 
[2.019s] -- Using PYTHON_EXECUTABLE: /usr/bin/python3
[2.780s] -- Found ament_lint_auto: 0.9.6 (/opt/ros/foxy/share/ament_lint_auto/cmake)
[2.958s] WARNING: Package name "TR" does not follow the naming conventions. It should start with a lower case letter and only contain lower case letters, digits, underscores, and dashes.
[3.102s] -- Added test 'copyright' to check source files copyright and LICENSE
[3.106s] -- Added test 'cppcheck' to perform static code analysis on C / C++ code
[3.107s] -- Configured cppcheck include dirs: 
[3.107s] -- Configured cppcheck exclude dirs and/or files: 
[3.111s] -- Added test 'cpplint' to check C / C++ code against the Google style
[3.111s] -- Configured cpplint exclude dirs and/or files: 
[3.115s] -- Added test 'lint_cmake' to check CMake code style
[3.121s] -- Added test 'uncrustify' to check C / C++ code style
[3.122s] -- Configured uncrustify additional arguments: 
[3.124s] -- Added test 'xmllint' to check XML markup files
[3.135s] -- Configuring done
[3.142s] -- Generating done
[3.145s] -- Build files have been written to: /workspaces/workspace/build/TR
[3.156s] Invoked command in '/workspaces/workspace/build/TR' returned '0': CMAKE_PREFIX_PATH=/opt/ros/foxy /usr/bin/cmake /workspaces/workspace/TR -DCMAKE_INSTALL_PREFIX=/workspaces/workspace/install/TR
[3.165s] Invoking command in '/workspaces/workspace/build/TR': CMAKE_PREFIX_PATH=/opt/ros/foxy /usr/bin/cmake --build /workspaces/workspace/build/TR -- -j4 -l4
[3.305s] Invoked command in '/workspaces/workspace/build/TR' returned '0': CMAKE_PREFIX_PATH=/opt/ros/foxy /usr/bin/cmake --build /workspaces/workspace/build/TR -- -j4 -l4
[3.434s] Invoking command in '/workspaces/workspace/build/TR': CMAKE_PREFIX_PATH=/opt/ros/foxy /usr/bin/cmake --install /workspaces/workspace/build/TR
[3.465s] -- Install configuration: ""
[3.466s] -- Installing: /workspaces/workspace/install/TR/share/ament_index/resource_index/package_run_dependencies/TR
[3.467s] -- Installing: /workspaces/workspace/install/TR/share/ament_index/resource_index/parent_prefix_path/TR
[3.468s] -- Installing: /workspaces/workspace/install/TR/share/TR/environment/ament_prefix_path.sh
[3.469s] -- Installing: /workspaces/workspace/install/TR/share/TR/environment/ament_prefix_path.dsv
[3.469s] -- Installing: /workspaces/workspace/install/TR/share/TR/environment/path.sh
[3.470s] -- Installing: /workspaces/workspace/install/TR/share/TR/environment/path.dsv
[3.477s] -- Installing: /workspaces/workspace/install/TR/share/TR/local_setup.bash
[3.478s] -- Installing: /workspaces/workspace/install/TR/share/TR/local_setup.sh
[3.481s] -- Installing: /workspaces/workspace/install/TR/share/TR/local_setup.zsh
[3.485s] -- Installing: /workspaces/workspace/install/TR/share/TR/local_setup.dsv
[3.486s] -- Installing: /workspaces/workspace/install/TR/share/TR/package.dsv
[3.487s] -- Installing: /workspaces/workspace/install/TR/share/ament_index/resource_index/packages/TR
[3.489s] -- Installing: /workspaces/workspace/install/TR/share/TR/cmake/TRConfig.cmake
[3.491s] -- Installing: /workspaces/workspace/install/TR/share/TR/cmake/TRConfig-version.cmake
[3.492s] -- Installing: /workspaces/workspace/install/TR/share/TR/package.xml
[3.493s] Invoked command in '/workspaces/workspace/build/TR' returned '0': CMAKE_PREFIX_PATH=/opt/ros/foxy /usr/bin/cmake --install /workspaces/workspace/build/TR
