[0.067s] Invoking command in '/workspaces/workspace/build/TR': CMAKE_PREFIX_PATH=${CMAKE_PREFIX_PATH}:/opt/ros/foxy /usr/bin/cmake --build /workspaces/workspace/build/TR -- -j4 -l4
[0.201s] Invoked command in '/workspaces/workspace/build/TR' returned '0': CMAKE_PREFIX_PATH=${CMAKE_PREFIX_PATH}:/opt/ros/foxy /usr/bin/cmake --build /workspaces/workspace/build/TR -- -j4 -l4
[0.303s] Invoking command in '/workspaces/workspace/build/TR': CMAKE_PREFIX_PATH=${CMAKE_PREFIX_PATH}:/opt/ros/foxy /usr/bin/cmake --install /workspaces/workspace/build/TR
[0.332s] -- Install configuration: ""
[0.333s] -- Up-to-date: /workspaces/workspace/install/TR/share/ament_index/resource_index/package_run_dependencies/TR
[0.333s] -- Up-to-date: /workspaces/workspace/install/TR/share/ament_index/resource_index/parent_prefix_path/TR
[0.334s] -- Up-to-date: /workspaces/workspace/install/TR/share/TR/environment/ament_prefix_path.sh
[0.334s] -- Up-to-date: /workspaces/workspace/install/TR/share/TR/environment/ament_prefix_path.dsv
[0.335s] -- Up-to-date: /workspaces/workspace/install/TR/share/TR/environment/path.sh
[0.335s] -- Up-to-date: /workspaces/workspace/install/TR/share/TR/environment/path.dsv
[0.335s] -- Up-to-date: /workspaces/workspace/install/TR/share/TR/local_setup.bash
[0.336s] -- Up-to-date: /workspaces/workspace/install/TR/share/TR/local_setup.sh
[0.337s] -- Up-to-date: /workspaces/workspace/install/TR/share/TR/local_setup.zsh
[0.337s] -- Up-to-date: /workspaces/workspace/install/TR/share/TR/local_setup.dsv
[0.338s] -- Up-to-date: /workspaces/workspace/install/TR/share/TR/package.dsv
[0.338s] -- Up-to-date: /workspaces/workspace/install/TR/share/ament_index/resource_index/packages/TR
[0.339s] -- Up-to-date: /workspaces/workspace/install/TR/share/TR/cmake/TRConfig.cmake
[0.342s] -- Up-to-date: /workspaces/workspace/install/TR/share/TR/cmake/TRConfig-version.cmake
[0.344s] -- Up-to-date: /workspaces/workspace/install/TR/share/TR/package.xml
[0.345s] Invoked command in '/workspaces/workspace/build/TR' returned '0': CMAKE_PREFIX_PATH=${CMAKE_PREFIX_PATH}:/opt/ros/foxy /usr/bin/cmake --install /workspaces/workspace/build/TR
