[0.053s] Invoking command in '/workspaces/workspace/build/cpp_pubsub': CMAKE_PREFIX_PATH=${CMAKE_PREFIX_PATH}:/opt/ros/foxy /usr/bin/cmake /workspaces/workspace/cpp_pubsub -DCMAKE_INSTALL_PREFIX=/workspaces/workspace/install/cpp_pubsub
[0.244s] -- The C compiler identification is GNU 9.3.0
[0.420s] -- The CXX compiler identification is GNU 9.3.0
[0.433s] -- Check for working C compiler: /usr/bin/cc
[0.680s] -- Check for working C compiler: /usr/bin/cc -- works
[0.683s] -- Detecting C compiler ABI info
[0.905s] -- Detecting C compiler ABI info - done
[0.943s] -- Detecting C compile features
[0.944s] -- Detecting C compile features - done
[0.952s] -- Check for working CXX compiler: /usr/bin/c++
[1.202s] -- Check for working CXX compiler: /usr/bin/c++ -- works
[1.206s] -- Detecting CXX compiler ABI info
[1.458s] -- Detecting CXX compiler ABI info - done
[1.494s] -- Detecting CXX compile features
[1.495s] -- Detecting CXX compile features - done
[1.507s] -- Found ament_cmake: 0.9.9 (/opt/ros/foxy/share/ament_cmake/cmake)
[1.592s] -- Found PythonInterp: /usr/bin/python3 (found suitable version "3.8.10", minimum required is "3") 
[1.592s] -- Using PYTHON_EXECUTABLE: /usr/bin/python3
[2.299s] -- Found rclcpp: 2.4.0 (/opt/ros/foxy/share/rclcpp/cmake)
[2.541s] -- Using all available rosidl_typesupport_c: rosidl_typesupport_fastrtps_c;rosidl_typesupport_introspection_c
[2.577s] -- Found rosidl_adapter: 1.2.1 (/opt/ros/foxy/share/rosidl_adapter/cmake)
[2.925s] -- Found OpenSSL: /usr/lib/aarch64-linux-gnu/libcrypto.so (found version "1.1.1f")  
[3.063s] -- Found FastRTPS: /opt/ros/foxy/include  
[3.455s] -- Using all available rosidl_typesupport_cpp: rosidl_typesupport_fastrtps_cpp;rosidl_typesupport_introspection_cpp
[3.721s] -- Found rmw_implementation_cmake: 1.0.3 (/opt/ros/foxy/share/rmw_implementation_cmake/cmake)
[3.730s] -- Using RMW implementation 'rmw_fastrtps_cpp' as default
[3.736s] -- Looking for pthread.h
[3.989s] -- Looking for pthread.h - found
[3.989s] -- Performing Test CMAKE_HAVE_LIBC_PTHREAD
[4.221s] -- Performing Test CMAKE_HAVE_LIBC_PTHREAD - Failed
[4.223s] -- Looking for pthread_create in pthreads
[4.415s] -- Looking for pthread_create in pthreads - not found
[4.416s] -- Looking for pthread_create in pthread
[4.647s] -- Looking for pthread_create in pthread - found
[4.650s] -- Found Threads: TRUE  
[5.563s] -- Configuring done
[5.584s] -- Generating done
[5.589s] -- Build files have been written to: /workspaces/workspace/build/cpp_pubsub
[5.608s] Invoked command in '/workspaces/workspace/build/cpp_pubsub' returned '0': CMAKE_PREFIX_PATH=${CMAKE_PREFIX_PATH}:/opt/ros/foxy /usr/bin/cmake /workspaces/workspace/cpp_pubsub -DCMAKE_INSTALL_PREFIX=/workspaces/workspace/install/cpp_pubsub
[5.618s] Invoking command in '/workspaces/workspace/build/cpp_pubsub': CMAKE_PREFIX_PATH=${CMAKE_PREFIX_PATH}:/opt/ros/foxy /usr/bin/cmake --build /workspaces/workspace/build/cpp_pubsub -- -j4 -l4
[5.753s] [35m[1mScanning dependencies of target talker[0m
[6.045s] [ 50%] [32mBuilding CXX object CMakeFiles/talker.dir/src/publisher_member_function.cpp.o[0m
[18.142s] [100%] [32m[1mLinking CXX executable talker[0m
[18.856s] [100%] Built target talker
[18.892s] Invoked command in '/workspaces/workspace/build/cpp_pubsub' returned '0': CMAKE_PREFIX_PATH=${CMAKE_PREFIX_PATH}:/opt/ros/foxy /usr/bin/cmake --build /workspaces/workspace/build/cpp_pubsub -- -j4 -l4
[19.005s] Invoking command in '/workspaces/workspace/build/cpp_pubsub': CMAKE_PREFIX_PATH=${CMAKE_PREFIX_PATH}:/opt/ros/foxy /usr/bin/cmake --install /workspaces/workspace/build/cpp_pubsub
[19.032s] -- Install configuration: ""
[19.032s] -- Installing: /workspaces/workspace/install/cpp_pubsub/lib/cpp_pubsub/talker
[19.036s] -- Set runtime path of "/workspaces/workspace/install/cpp_pubsub/lib/cpp_pubsub/talker" to ""
[19.037s] -- Installing: /workspaces/workspace/install/cpp_pubsub/share/ament_index/resource_index/package_run_dependencies/cpp_pubsub
[19.038s] -- Installing: /workspaces/workspace/install/cpp_pubsub/share/ament_index/resource_index/parent_prefix_path/cpp_pubsub
[19.041s] -- Installing: /workspaces/workspace/install/cpp_pubsub/share/cpp_pubsub/environment/ament_prefix_path.sh
[19.042s] -- Installing: /workspaces/workspace/install/cpp_pubsub/share/cpp_pubsub/environment/ament_prefix_path.dsv
[19.043s] -- Installing: /workspaces/workspace/install/cpp_pubsub/share/cpp_pubsub/environment/path.sh
[19.044s] -- Installing: /workspaces/workspace/install/cpp_pubsub/share/cpp_pubsub/environment/path.dsv
[19.046s] -- Installing: /workspaces/workspace/install/cpp_pubsub/share/cpp_pubsub/local_setup.bash
[19.048s] -- Installing: /workspaces/workspace/install/cpp_pubsub/share/cpp_pubsub/local_setup.sh
[19.049s] -- Installing: /workspaces/workspace/install/cpp_pubsub/share/cpp_pubsub/local_setup.zsh
[19.050s] -- Installing: /workspaces/workspace/install/cpp_pubsub/share/cpp_pubsub/local_setup.dsv
[19.051s] -- Installing: /workspaces/workspace/install/cpp_pubsub/share/cpp_pubsub/package.dsv
[19.054s] -- Installing: /workspaces/workspace/install/cpp_pubsub/share/ament_index/resource_index/packages/cpp_pubsub
[19.057s] -- Installing: /workspaces/workspace/install/cpp_pubsub/share/cpp_pubsub/cmake/cpp_pubsubConfig.cmake
[19.060s] -- Installing: /workspaces/workspace/install/cpp_pubsub/share/cpp_pubsub/cmake/cpp_pubsubConfig-version.cmake
[19.061s] -- Installing: /workspaces/workspace/install/cpp_pubsub/share/cpp_pubsub/package.xml
[19.062s] Invoked command in '/workspaces/workspace/build/cpp_pubsub' returned '0': CMAKE_PREFIX_PATH=${CMAKE_PREFIX_PATH}:/opt/ros/foxy /usr/bin/cmake --install /workspaces/workspace/build/cpp_pubsub
